{
  "uid" : "4cc3abaa6908f545",
  "name" : "test_vb6arvmf2ss4_getBusinesses",
  "fullName" : "yelpBusinessesSearch_allNominalOriginalDependencies.YelpTest_1h7x08a6aapmc.test_vb6arvmf2ss4_getBusinesses",
  "historyId" : "1ce1e58a3cc1f2f7b3bc666bfc2f4270",
  "time" : {
    "start" : 1586803589106,
    "stop" : 1586803590103,
    "duration" : 997
  },
  "status" : "failed",
  "statusMessage" : "Validation failed.\n[ERROR] [Path '/businesses/2/price'] Instance value (\"￥\") not found in enum (possible values: [\"$\",\"$$\",\"$$$\",\"$$$$\"])\n[ERROR] [Path '/businesses/5/price'] Instance value (\"￥￥\") not found in enum (possible values: [\"$\",\"$$\",\"$$$\",\"$$$$\"])\n[ERROR] [Path '/businesses/8/price'] Instance value (\"￥￥\") not found in enum (possible values: [\"$\",\"$$\",\"$$$\",\"$$$$\"])\n[ERROR] [Path '/businesses/9/price'] Instance value (\"￥￥\") not found in enum (possible values: [\"$\",\"$$\",\"$$$\",\"$$$$\"])\n[ERROR] [Path '/businesses/12/price'] Instance value (\"￥\") not found in enum (possible values: [\"$\",\"$$\",\"$$$\",\"$$$$\"])\n[ERROR] [Path '/businesses/14/price'] Instance value (\"￥￥\") not found in enum (possible values: [\"$\",\"$$\",\"$$$\",\"$$$$\"])\n[ERROR] [Path '/businesses/16/price'] Instance value (\"￥￥\") not found in enum (possible values: [\"$\",\"$$\",\"$$$\",\"$$$$\"])",
  "statusTrace" : "java.lang.AssertionError: Validation failed.\n[ERROR] [Path '/businesses/2/price'] Instance value (\"￥\") not found in enum (possible values: [\"$\",\"$$\",\"$$$\",\"$$$$\"])\n[ERROR] [Path '/businesses/5/price'] Instance value (\"￥￥\") not found in enum (possible values: [\"$\",\"$$\",\"$$$\",\"$$$$\"])\n[ERROR] [Path '/businesses/8/price'] Instance value (\"￥￥\") not found in enum (possible values: [\"$\",\"$$\",\"$$$\",\"$$$$\"])\n[ERROR] [Path '/businesses/9/price'] Instance value (\"￥￥\") not found in enum (possible values: [\"$\",\"$$\",\"$$$\",\"$$$$\"])\n[ERROR] [Path '/businesses/12/price'] Instance value (\"￥\") not found in enum (possible values: [\"$\",\"$$\",\"$$$\",\"$$$$\"])\n[ERROR] [Path '/businesses/14/price'] Instance value (\"￥￥\") not found in enum (possible values: [\"$\",\"$$\",\"$$$\",\"$$$$\"])\n[ERROR] [Path '/businesses/16/price'] Instance value (\"￥￥\") not found in enum (possible values: [\"$\",\"$$\",\"$$$\",\"$$$$\"])\r\n\tat org.junit.Assert.fail(Assert.java:88)\r\n\tat yelpBusinessesSearch_allNominalOriginalDependencies.YelpTest_1h7x08a6aapmc.test_vb6arvmf2ss4_getBusinesses(YelpTest_1h7x08a6aapmc.java:25232)\r\n\tat sun.reflect.NativeMethodAccessorImpl.invoke0(Native Method)\r\n\tat sun.reflect.NativeMethodAccessorImpl.invoke(NativeMethodAccessorImpl.java:62)\r\n\tat sun.reflect.DelegatingMethodAccessorImpl.invoke(DelegatingMethodAccessorImpl.java:43)\r\n\tat java.lang.reflect.Method.invoke(Method.java:498)\r\n\tat org.junit.runners.model.FrameworkMethod$1.runReflectiveCall(FrameworkMethod.java:50)\r\n\tat org.junit.internal.runners.model.ReflectiveCallable.run(ReflectiveCallable.java:12)\r\n\tat org.junit.runners.model.FrameworkMethod.invokeExplosively(FrameworkMethod.java:47)\r\n\tat org.junit.internal.runners.statements.InvokeMethod.evaluate(InvokeMethod.java:17)\r\n\tat org.junit.runners.ParentRunner.runLeaf(ParentRunner.java:325)\r\n\tat org.junit.runners.BlockJUnit4ClassRunner.runChild(BlockJUnit4ClassRunner.java:78)\r\n\tat org.junit.runners.BlockJUnit4ClassRunner.runChild(BlockJUnit4ClassRunner.java:57)\r\n\tat org.junit.runners.ParentRunner$3.run(ParentRunner.java:290)\r\n\tat org.junit.runners.ParentRunner$1.schedule(ParentRunner.java:71)\r\n\tat org.junit.runners.ParentRunner.runChildren(ParentRunner.java:288)\r\n\tat org.junit.runners.ParentRunner.access$000(ParentRunner.java:58)\r\n\tat org.junit.runners.ParentRunner$2.evaluate(ParentRunner.java:268)\r\n\tat org.junit.internal.runners.statements.RunBefores.evaluate(RunBefores.java:26)\r\n\tat org.junit.runners.ParentRunner.run(ParentRunner.java:363)\r\n\tat org.junit.runners.Suite.runChild(Suite.java:128)\r\n\tat org.junit.runners.Suite.runChild(Suite.java:27)\r\n\tat org.junit.runners.ParentRunner$3.run(ParentRunner.java:290)\r\n\tat org.junit.runners.ParentRunner$1.schedule(ParentRunner.java:71)\r\n\tat org.junit.runners.ParentRunner.runChildren(ParentRunner.java:288)\r\n\tat org.junit.runners.ParentRunner.access$000(ParentRunner.java:58)\r\n\tat org.junit.runners.ParentRunner$2.evaluate(ParentRunner.java:268)\r\n\tat org.junit.runners.ParentRunner.run(ParentRunner.java:363)\r\n\tat org.junit.runner.JUnitCore.run(JUnitCore.java:137)\r\n\tat org.junit.runner.JUnitCore.run(JUnitCore.java:115)\r\n\tat org.junit.runner.JUnitCore.run(JUnitCore.java:105)\r\n\tat org.junit.runner.JUnitCore.run(JUnitCore.java:94)\r\n\tat es.us.isa.restest.runners.RESTestRunner.testExecution(RESTestRunner.java:143)\r\n\tat es.us.isa.restest.runners.RESTestRunner.run(RESTestRunner.java:74)\r\n\tat es.us.isa.restest.main.IterativeExample.main(IterativeExample.java:86)\r\n",
  "flaky" : false,
  "newFailed" : false,
  "beforeStages" : [ ],
  "testStage" : {
    "status" : "failed",
    "statusMessage" : "Validation failed.\n[ERROR] [Path '/businesses/2/price'] Instance value (\"￥\") not found in enum (possible values: [\"$\",\"$$\",\"$$$\",\"$$$$\"])\n[ERROR] [Path '/businesses/5/price'] Instance value (\"￥￥\") not found in enum (possible values: [\"$\",\"$$\",\"$$$\",\"$$$$\"])\n[ERROR] [Path '/businesses/8/price'] Instance value (\"￥￥\") not found in enum (possible values: [\"$\",\"$$\",\"$$$\",\"$$$$\"])\n[ERROR] [Path '/businesses/9/price'] Instance value (\"￥￥\") not found in enum (possible values: [\"$\",\"$$\",\"$$$\",\"$$$$\"])\n[ERROR] [Path '/businesses/12/price'] Instance value (\"￥\") not found in enum (possible values: [\"$\",\"$$\",\"$$$\",\"$$$$\"])\n[ERROR] [Path '/businesses/14/price'] Instance value (\"￥￥\") not found in enum (possible values: [\"$\",\"$$\",\"$$$\",\"$$$$\"])\n[ERROR] [Path '/businesses/16/price'] Instance value (\"￥￥\") not found in enum (possible values: [\"$\",\"$$\",\"$$$\",\"$$$$\"])",
    "statusTrace" : "java.lang.AssertionError: Validation failed.\n[ERROR] [Path '/businesses/2/price'] Instance value (\"￥\") not found in enum (possible values: [\"$\",\"$$\",\"$$$\",\"$$$$\"])\n[ERROR] [Path '/businesses/5/price'] Instance value (\"￥￥\") not found in enum (possible values: [\"$\",\"$$\",\"$$$\",\"$$$$\"])\n[ERROR] [Path '/businesses/8/price'] Instance value (\"￥￥\") not found in enum (possible values: [\"$\",\"$$\",\"$$$\",\"$$$$\"])\n[ERROR] [Path '/businesses/9/price'] Instance value (\"￥￥\") not found in enum (possible values: [\"$\",\"$$\",\"$$$\",\"$$$$\"])\n[ERROR] [Path '/businesses/12/price'] Instance value (\"￥\") not found in enum (possible values: [\"$\",\"$$\",\"$$$\",\"$$$$\"])\n[ERROR] [Path '/businesses/14/price'] Instance value (\"￥￥\") not found in enum (possible values: [\"$\",\"$$\",\"$$$\",\"$$$$\"])\n[ERROR] [Path '/businesses/16/price'] Instance value (\"￥￥\") not found in enum (possible values: [\"$\",\"$$\",\"$$$\",\"$$$$\"])\r\n\tat org.junit.Assert.fail(Assert.java:88)\r\n\tat yelpBusinessesSearch_allNominalOriginalDependencies.YelpTest_1h7x08a6aapmc.test_vb6arvmf2ss4_getBusinesses(YelpTest_1h7x08a6aapmc.java:25232)\r\n\tat sun.reflect.NativeMethodAccessorImpl.invoke0(Native Method)\r\n\tat sun.reflect.NativeMethodAccessorImpl.invoke(NativeMethodAccessorImpl.java:62)\r\n\tat sun.reflect.DelegatingMethodAccessorImpl.invoke(DelegatingMethodAccessorImpl.java:43)\r\n\tat java.lang.reflect.Method.invoke(Method.java:498)\r\n\tat org.junit.runners.model.FrameworkMethod$1.runReflectiveCall(FrameworkMethod.java:50)\r\n\tat org.junit.internal.runners.model.ReflectiveCallable.run(ReflectiveCallable.java:12)\r\n\tat org.junit.runners.model.FrameworkMethod.invokeExplosively(FrameworkMethod.java:47)\r\n\tat org.junit.internal.runners.statements.InvokeMethod.evaluate(InvokeMethod.java:17)\r\n\tat org.junit.runners.ParentRunner.runLeaf(ParentRunner.java:325)\r\n\tat org.junit.runners.BlockJUnit4ClassRunner.runChild(BlockJUnit4ClassRunner.java:78)\r\n\tat org.junit.runners.BlockJUnit4ClassRunner.runChild(BlockJUnit4ClassRunner.java:57)\r\n\tat org.junit.runners.ParentRunner$3.run(ParentRunner.java:290)\r\n\tat org.junit.runners.ParentRunner$1.schedule(ParentRunner.java:71)\r\n\tat org.junit.runners.ParentRunner.runChildren(ParentRunner.java:288)\r\n\tat org.junit.runners.ParentRunner.access$000(ParentRunner.java:58)\r\n\tat org.junit.runners.ParentRunner$2.evaluate(ParentRunner.java:268)\r\n\tat org.junit.internal.runners.statements.RunBefores.evaluate(RunBefores.java:26)\r\n\tat org.junit.runners.ParentRunner.run(ParentRunner.java:363)\r\n\tat org.junit.runners.Suite.runChild(Suite.java:128)\r\n\tat org.junit.runners.Suite.runChild(Suite.java:27)\r\n\tat org.junit.runners.ParentRunner$3.run(ParentRunner.java:290)\r\n\tat org.junit.runners.ParentRunner$1.schedule(ParentRunner.java:71)\r\n\tat org.junit.runners.ParentRunner.runChildren(ParentRunner.java:288)\r\n\tat org.junit.runners.ParentRunner.access$000(ParentRunner.java:58)\r\n\tat org.junit.runners.ParentRunner$2.evaluate(ParentRunner.java:268)\r\n\tat org.junit.runners.ParentRunner.run(ParentRunner.java:363)\r\n\tat org.junit.runner.JUnitCore.run(JUnitCore.java:137)\r\n\tat org.junit.runner.JUnitCore.run(JUnitCore.java:115)\r\n\tat org.junit.runner.JUnitCore.run(JUnitCore.java:105)\r\n\tat org.junit.runner.JUnitCore.run(JUnitCore.java:94)\r\n\tat es.us.isa.restest.runners.RESTestRunner.testExecution(RESTestRunner.java:143)\r\n\tat es.us.isa.restest.runners.RESTestRunner.run(RESTestRunner.java:74)\r\n\tat es.us.isa.restest.main.IterativeExample.main(IterativeExample.java:86)\r\n",
    "steps" : [ ],
    "attachments" : [ {
      "uid" : "83d57b1aabdb369c",
      "name" : "Request",
      "source" : "83d57b1aabdb369c.html",
      "type" : "text/html",
      "size" : 745
    }, {
      "uid" : "914ea880616d466e",
      "name" : "HTTP/1.1 200 OK",
      "source" : "914ea880616d466e.html",
      "type" : "text/html",
      "size" : 46124
    } ],
    "parameters" : [ ],
    "hasContent" : true,
    "stepsCount" : 0,
    "shouldDisplayMessage" : true,
    "attachmentsCount" : 2
  },
  "afterStages" : [ ],
  "labels" : [ {
    "name" : "package",
    "value" : "yelpBusinessesSearch_allNominalOriginalDependencies"
  }, {
    "name" : "testClass",
    "value" : "yelpBusinessesSearch_allNominalOriginalDependencies.YelpTest_1h7x08a6aapmc"
  }, {
    "name" : "testMethod",
    "value" : "test_vb6arvmf2ss4_getBusinesses"
  }, {
    "name" : "suite",
    "value" : "yelpBusinessesSearch_allNominalOriginalDependencies.YelpTest_1h7x08a6aapmc"
  }, {
    "name" : "host",
    "value" : "DESKTOP-2NNIJVP"
  }, {
    "name" : "thread",
    "value" : "26504@DESKTOP-2NNIJVP.main(1)"
  }, {
    "name" : "framework",
    "value" : "junit4"
  }, {
    "name" : "language",
    "value" : "java"
  }, {
    "name" : "resultFormat",
    "value" : "allure2"
  } ],
  "parameters" : [ ],
  "links" : [ ],
  "hidden" : false,
  "retry" : false,
  "extra" : {
    "severity" : "normal",
    "retries" : [ ],
    "categories" : [ {
      "name" : "Validation failures",
      "traceRegex" : ".*Validation failed.*",
      "matchedStatuses" : [ "failed" ],
      "flaky" : false
    }, {
      "name" : "Failures",
      "matchedStatuses" : [ "failed" ],
      "flaky" : false
    } ],
    "tags" : [ ]
  },
  "source" : "4cc3abaa6908f545.json",
  "parameterValues" : [ ]
}