{
  "uid" : "4ef72b77a3fb5dee",
  "name" : "test_rlb5xjvrpfll_getBusinesses",
  "fullName" : "yelpBusinessesSearch_allNominalOriginalDependencies.YelpTest_1h7x08a6aapmc.test_rlb5xjvrpfll_getBusinesses",
  "historyId" : "bcf34933e40e2c39ab51c86ab7bc36f",
  "time" : {
    "start" : 1586803329162,
    "stop" : 1586803329857,
    "duration" : 695
  },
  "status" : "failed",
  "statusMessage" : "Validation failed.\n[ERROR] [Path '/businesses/0/price'] Instance value (\"€€\") not found in enum (possible values: [\"$\",\"$$\",\"$$$\",\"$$$$\"])\n[ERROR] [Path '/businesses/1/price'] Instance value (\"€€\") not found in enum (possible values: [\"$\",\"$$\",\"$$$\",\"$$$$\"])\n[ERROR] [Path '/businesses/2/price'] Instance value (\"€€\") not found in enum (possible values: [\"$\",\"$$\",\"$$$\",\"$$$$\"])\n[ERROR] [Path '/businesses/3/price'] Instance value (\"€€\") not found in enum (possible values: [\"$\",\"$$\",\"$$$\",\"$$$$\"])\n[ERROR] [Path '/businesses/4/price'] Instance value (\"€€\") not found in enum (possible values: [\"$\",\"$$\",\"$$$\",\"$$$$\"])\n[ERROR] [Path '/businesses/5/price'] Instance value (\"€€\") not found in enum (possible values: [\"$\",\"$$\",\"$$$\",\"$$$$\"])",
  "statusTrace" : "java.lang.AssertionError: Validation failed.\n[ERROR] [Path '/businesses/0/price'] Instance value (\"€€\") not found in enum (possible values: [\"$\",\"$$\",\"$$$\",\"$$$$\"])\n[ERROR] [Path '/businesses/1/price'] Instance value (\"€€\") not found in enum (possible values: [\"$\",\"$$\",\"$$$\",\"$$$$\"])\n[ERROR] [Path '/businesses/2/price'] Instance value (\"€€\") not found in enum (possible values: [\"$\",\"$$\",\"$$$\",\"$$$$\"])\n[ERROR] [Path '/businesses/3/price'] Instance value (\"€€\") not found in enum (possible values: [\"$\",\"$$\",\"$$$\",\"$$$$\"])\n[ERROR] [Path '/businesses/4/price'] Instance value (\"€€\") not found in enum (possible values: [\"$\",\"$$\",\"$$$\",\"$$$$\"])\n[ERROR] [Path '/businesses/5/price'] Instance value (\"€€\") not found in enum (possible values: [\"$\",\"$$\",\"$$$\",\"$$$$\"])\r\n\tat org.junit.Assert.fail(Assert.java:88)\r\n\tat yelpBusinessesSearch_allNominalOriginalDependencies.YelpTest_1h7x08a6aapmc.test_rlb5xjvrpfll_getBusinesses(YelpTest_1h7x08a6aapmc.java:31701)\r\n\tat sun.reflect.NativeMethodAccessorImpl.invoke0(Native Method)\r\n\tat sun.reflect.NativeMethodAccessorImpl.invoke(NativeMethodAccessorImpl.java:62)\r\n\tat sun.reflect.DelegatingMethodAccessorImpl.invoke(DelegatingMethodAccessorImpl.java:43)\r\n\tat java.lang.reflect.Method.invoke(Method.java:498)\r\n\tat org.junit.runners.model.FrameworkMethod$1.runReflectiveCall(FrameworkMethod.java:50)\r\n\tat org.junit.internal.runners.model.ReflectiveCallable.run(ReflectiveCallable.java:12)\r\n\tat org.junit.runners.model.FrameworkMethod.invokeExplosively(FrameworkMethod.java:47)\r\n\tat org.junit.internal.runners.statements.InvokeMethod.evaluate(InvokeMethod.java:17)\r\n\tat org.junit.runners.ParentRunner.runLeaf(ParentRunner.java:325)\r\n\tat org.junit.runners.BlockJUnit4ClassRunner.runChild(BlockJUnit4ClassRunner.java:78)\r\n\tat org.junit.runners.BlockJUnit4ClassRunner.runChild(BlockJUnit4ClassRunner.java:57)\r\n\tat org.junit.runners.ParentRunner$3.run(ParentRunner.java:290)\r\n\tat org.junit.runners.ParentRunner$1.schedule(ParentRunner.java:71)\r\n\tat org.junit.runners.ParentRunner.runChildren(ParentRunner.java:288)\r\n\tat org.junit.runners.ParentRunner.access$000(ParentRunner.java:58)\r\n\tat org.junit.runners.ParentRunner$2.evaluate(ParentRunner.java:268)\r\n\tat org.junit.internal.runners.statements.RunBefores.evaluate(RunBefores.java:26)\r\n\tat org.junit.runners.ParentRunner.run(ParentRunner.java:363)\r\n\tat org.junit.runners.Suite.runChild(Suite.java:128)\r\n\tat org.junit.runners.Suite.runChild(Suite.java:27)\r\n\tat org.junit.runners.ParentRunner$3.run(ParentRunner.java:290)\r\n\tat org.junit.runners.ParentRunner$1.schedule(ParentRunner.java:71)\r\n\tat org.junit.runners.ParentRunner.runChildren(ParentRunner.java:288)\r\n\tat org.junit.runners.ParentRunner.access$000(ParentRunner.java:58)\r\n\tat org.junit.runners.ParentRunner$2.evaluate(ParentRunner.java:268)\r\n\tat org.junit.runners.ParentRunner.run(ParentRunner.java:363)\r\n\tat org.junit.runner.JUnitCore.run(JUnitCore.java:137)\r\n\tat org.junit.runner.JUnitCore.run(JUnitCore.java:115)\r\n\tat org.junit.runner.JUnitCore.run(JUnitCore.java:105)\r\n\tat org.junit.runner.JUnitCore.run(JUnitCore.java:94)\r\n\tat es.us.isa.restest.runners.RESTestRunner.testExecution(RESTestRunner.java:143)\r\n\tat es.us.isa.restest.runners.RESTestRunner.run(RESTestRunner.java:74)\r\n\tat es.us.isa.restest.main.IterativeExample.main(IterativeExample.java:86)\r\n",
  "flaky" : false,
  "newFailed" : false,
  "beforeStages" : [ ],
  "testStage" : {
    "status" : "failed",
    "statusMessage" : "Validation failed.\n[ERROR] [Path '/businesses/0/price'] Instance value (\"€€\") not found in enum (possible values: [\"$\",\"$$\",\"$$$\",\"$$$$\"])\n[ERROR] [Path '/businesses/1/price'] Instance value (\"€€\") not found in enum (possible values: [\"$\",\"$$\",\"$$$\",\"$$$$\"])\n[ERROR] [Path '/businesses/2/price'] Instance value (\"€€\") not found in enum (possible values: [\"$\",\"$$\",\"$$$\",\"$$$$\"])\n[ERROR] [Path '/businesses/3/price'] Instance value (\"€€\") not found in enum (possible values: [\"$\",\"$$\",\"$$$\",\"$$$$\"])\n[ERROR] [Path '/businesses/4/price'] Instance value (\"€€\") not found in enum (possible values: [\"$\",\"$$\",\"$$$\",\"$$$$\"])\n[ERROR] [Path '/businesses/5/price'] Instance value (\"€€\") not found in enum (possible values: [\"$\",\"$$\",\"$$$\",\"$$$$\"])",
    "statusTrace" : "java.lang.AssertionError: Validation failed.\n[ERROR] [Path '/businesses/0/price'] Instance value (\"€€\") not found in enum (possible values: [\"$\",\"$$\",\"$$$\",\"$$$$\"])\n[ERROR] [Path '/businesses/1/price'] Instance value (\"€€\") not found in enum (possible values: [\"$\",\"$$\",\"$$$\",\"$$$$\"])\n[ERROR] [Path '/businesses/2/price'] Instance value (\"€€\") not found in enum (possible values: [\"$\",\"$$\",\"$$$\",\"$$$$\"])\n[ERROR] [Path '/businesses/3/price'] Instance value (\"€€\") not found in enum (possible values: [\"$\",\"$$\",\"$$$\",\"$$$$\"])\n[ERROR] [Path '/businesses/4/price'] Instance value (\"€€\") not found in enum (possible values: [\"$\",\"$$\",\"$$$\",\"$$$$\"])\n[ERROR] [Path '/businesses/5/price'] Instance value (\"€€\") not found in enum (possible values: [\"$\",\"$$\",\"$$$\",\"$$$$\"])\r\n\tat org.junit.Assert.fail(Assert.java:88)\r\n\tat yelpBusinessesSearch_allNominalOriginalDependencies.YelpTest_1h7x08a6aapmc.test_rlb5xjvrpfll_getBusinesses(YelpTest_1h7x08a6aapmc.java:31701)\r\n\tat sun.reflect.NativeMethodAccessorImpl.invoke0(Native Method)\r\n\tat sun.reflect.NativeMethodAccessorImpl.invoke(NativeMethodAccessorImpl.java:62)\r\n\tat sun.reflect.DelegatingMethodAccessorImpl.invoke(DelegatingMethodAccessorImpl.java:43)\r\n\tat java.lang.reflect.Method.invoke(Method.java:498)\r\n\tat org.junit.runners.model.FrameworkMethod$1.runReflectiveCall(FrameworkMethod.java:50)\r\n\tat org.junit.internal.runners.model.ReflectiveCallable.run(ReflectiveCallable.java:12)\r\n\tat org.junit.runners.model.FrameworkMethod.invokeExplosively(FrameworkMethod.java:47)\r\n\tat org.junit.internal.runners.statements.InvokeMethod.evaluate(InvokeMethod.java:17)\r\n\tat org.junit.runners.ParentRunner.runLeaf(ParentRunner.java:325)\r\n\tat org.junit.runners.BlockJUnit4ClassRunner.runChild(BlockJUnit4ClassRunner.java:78)\r\n\tat org.junit.runners.BlockJUnit4ClassRunner.runChild(BlockJUnit4ClassRunner.java:57)\r\n\tat org.junit.runners.ParentRunner$3.run(ParentRunner.java:290)\r\n\tat org.junit.runners.ParentRunner$1.schedule(ParentRunner.java:71)\r\n\tat org.junit.runners.ParentRunner.runChildren(ParentRunner.java:288)\r\n\tat org.junit.runners.ParentRunner.access$000(ParentRunner.java:58)\r\n\tat org.junit.runners.ParentRunner$2.evaluate(ParentRunner.java:268)\r\n\tat org.junit.internal.runners.statements.RunBefores.evaluate(RunBefores.java:26)\r\n\tat org.junit.runners.ParentRunner.run(ParentRunner.java:363)\r\n\tat org.junit.runners.Suite.runChild(Suite.java:128)\r\n\tat org.junit.runners.Suite.runChild(Suite.java:27)\r\n\tat org.junit.runners.ParentRunner$3.run(ParentRunner.java:290)\r\n\tat org.junit.runners.ParentRunner$1.schedule(ParentRunner.java:71)\r\n\tat org.junit.runners.ParentRunner.runChildren(ParentRunner.java:288)\r\n\tat org.junit.runners.ParentRunner.access$000(ParentRunner.java:58)\r\n\tat org.junit.runners.ParentRunner$2.evaluate(ParentRunner.java:268)\r\n\tat org.junit.runners.ParentRunner.run(ParentRunner.java:363)\r\n\tat org.junit.runner.JUnitCore.run(JUnitCore.java:137)\r\n\tat org.junit.runner.JUnitCore.run(JUnitCore.java:115)\r\n\tat org.junit.runner.JUnitCore.run(JUnitCore.java:105)\r\n\tat org.junit.runner.JUnitCore.run(JUnitCore.java:94)\r\n\tat es.us.isa.restest.runners.RESTestRunner.testExecution(RESTestRunner.java:143)\r\n\tat es.us.isa.restest.runners.RESTestRunner.run(RESTestRunner.java:74)\r\n\tat es.us.isa.restest.main.IterativeExample.main(IterativeExample.java:86)\r\n",
    "steps" : [ ],
    "attachments" : [ {
      "uid" : "845f36319f61bbb4",
      "name" : "Request",
      "source" : "845f36319f61bbb4.html",
      "type" : "text/html",
      "size" : 783
    }, {
      "uid" : "b6c7b5b2c362470e",
      "name" : "HTTP/1.1 200 OK",
      "source" : "b6c7b5b2c362470e.html",
      "type" : "text/html",
      "size" : 14124
    } ],
    "parameters" : [ ],
    "hasContent" : true,
    "stepsCount" : 0,
    "shouldDisplayMessage" : true,
    "attachmentsCount" : 2
  },
  "afterStages" : [ ],
  "labels" : [ {
    "name" : "package",
    "value" : "yelpBusinessesSearch_allNominalOriginalDependencies"
  }, {
    "name" : "testClass",
    "value" : "yelpBusinessesSearch_allNominalOriginalDependencies.YelpTest_1h7x08a6aapmc"
  }, {
    "name" : "testMethod",
    "value" : "test_rlb5xjvrpfll_getBusinesses"
  }, {
    "name" : "suite",
    "value" : "yelpBusinessesSearch_allNominalOriginalDependencies.YelpTest_1h7x08a6aapmc"
  }, {
    "name" : "host",
    "value" : "DESKTOP-2NNIJVP"
  }, {
    "name" : "thread",
    "value" : "26504@DESKTOP-2NNIJVP.main(1)"
  }, {
    "name" : "framework",
    "value" : "junit4"
  }, {
    "name" : "language",
    "value" : "java"
  }, {
    "name" : "resultFormat",
    "value" : "allure2"
  } ],
  "parameters" : [ ],
  "links" : [ ],
  "hidden" : false,
  "retry" : false,
  "extra" : {
    "severity" : "normal",
    "retries" : [ ],
    "categories" : [ {
      "name" : "Validation failures",
      "traceRegex" : ".*Validation failed.*",
      "matchedStatuses" : [ "failed" ],
      "flaky" : false
    }, {
      "name" : "Failures",
      "matchedStatuses" : [ "failed" ],
      "flaky" : false
    } ],
    "tags" : [ ]
  },
  "source" : "4ef72b77a3fb5dee.json",
  "parameterValues" : [ ]
}