{
  "uid" : "aee76710af381e6b",
  "name" : "test_1jiajbj19l9pg_getBlogLikes",
  "fullName" : "tumblrRetrieveBlogsLikes_allNominalOriginalDependencies.TumblrTest_1iyc6m1lu3a77.test_1jiajbj19l9pg_getBlogLikes",
  "historyId" : "13b4781b781936b4a65eb81f2d07a8f",
  "time" : {
    "start" : 1586880903511,
    "stop" : 1586880903760,
    "duration" : 249
  },
  "status" : "failed",
  "statusMessage" : "Validation failed.\n[ERROR] [Path '/response'] Object instance has properties which are not allowed by the schema: [\"_links\"]\n[ERROR] [Path '/response/liked_posts/0'] Object instance has properties which are not allowed by the schema: [\"blog\",\"id_string\"]\n[ERROR] [Path '/response/liked_posts/1'] Object instance has properties which are not allowed by the schema: [\"blog\",\"id_string\"]",
  "statusTrace" : "java.lang.AssertionError: Validation failed.\n[ERROR] [Path '/response'] Object instance has properties which are not allowed by the schema: [\"_links\"]\n[ERROR] [Path '/response/liked_posts/0'] Object instance has properties which are not allowed by the schema: [\"blog\",\"id_string\"]\n[ERROR] [Path '/response/liked_posts/1'] Object instance has properties which are not allowed by the schema: [\"blog\",\"id_string\"]\r\n\tat org.junit.Assert.fail(Assert.java:88)\r\n\tat tumblrRetrieveBlogsLikes_allNominalOriginalDependencies.TumblrTest_1iyc6m1lu3a77.test_1jiajbj19l9pg_getBlogLikes(TumblrTest_1iyc6m1lu3a77.java:20184)\r\n\tat sun.reflect.NativeMethodAccessorImpl.invoke0(Native Method)\r\n\tat sun.reflect.NativeMethodAccessorImpl.invoke(NativeMethodAccessorImpl.java:62)\r\n\tat sun.reflect.DelegatingMethodAccessorImpl.invoke(DelegatingMethodAccessorImpl.java:43)\r\n\tat java.lang.reflect.Method.invoke(Method.java:498)\r\n\tat org.junit.runners.model.FrameworkMethod$1.runReflectiveCall(FrameworkMethod.java:50)\r\n\tat org.junit.internal.runners.model.ReflectiveCallable.run(ReflectiveCallable.java:12)\r\n\tat org.junit.runners.model.FrameworkMethod.invokeExplosively(FrameworkMethod.java:47)\r\n\tat org.junit.internal.runners.statements.InvokeMethod.evaluate(InvokeMethod.java:17)\r\n\tat org.junit.runners.ParentRunner.runLeaf(ParentRunner.java:325)\r\n\tat org.junit.runners.BlockJUnit4ClassRunner.runChild(BlockJUnit4ClassRunner.java:78)\r\n\tat org.junit.runners.BlockJUnit4ClassRunner.runChild(BlockJUnit4ClassRunner.java:57)\r\n\tat org.junit.runners.ParentRunner$3.run(ParentRunner.java:290)\r\n\tat org.junit.runners.ParentRunner$1.schedule(ParentRunner.java:71)\r\n\tat org.junit.runners.ParentRunner.runChildren(ParentRunner.java:288)\r\n\tat org.junit.runners.ParentRunner.access$000(ParentRunner.java:58)\r\n\tat org.junit.runners.ParentRunner$2.evaluate(ParentRunner.java:268)\r\n\tat org.junit.internal.runners.statements.RunBefores.evaluate(RunBefores.java:26)\r\n\tat org.junit.runners.ParentRunner.run(ParentRunner.java:363)\r\n\tat org.junit.runners.Suite.runChild(Suite.java:128)\r\n\tat org.junit.runners.Suite.runChild(Suite.java:27)\r\n\tat org.junit.runners.ParentRunner$3.run(ParentRunner.java:290)\r\n\tat org.junit.runners.ParentRunner$1.schedule(ParentRunner.java:71)\r\n\tat org.junit.runners.ParentRunner.runChildren(ParentRunner.java:288)\r\n\tat org.junit.runners.ParentRunner.access$000(ParentRunner.java:58)\r\n\tat org.junit.runners.ParentRunner$2.evaluate(ParentRunner.java:268)\r\n\tat org.junit.runners.ParentRunner.run(ParentRunner.java:363)\r\n\tat org.junit.runner.JUnitCore.run(JUnitCore.java:137)\r\n\tat org.junit.runner.JUnitCore.run(JUnitCore.java:115)\r\n\tat org.junit.runner.JUnitCore.run(JUnitCore.java:105)\r\n\tat org.junit.runner.JUnitCore.run(JUnitCore.java:94)\r\n\tat es.us.isa.restest.runners.RESTestRunner.testExecution(RESTestRunner.java:143)\r\n\tat es.us.isa.restest.runners.RESTestRunner.run(RESTestRunner.java:74)\r\n\tat es.us.isa.restest.main.IterativeExample.main(IterativeExample.java:86)\r\n",
  "flaky" : false,
  "newFailed" : false,
  "beforeStages" : [ ],
  "testStage" : {
    "status" : "failed",
    "statusMessage" : "Validation failed.\n[ERROR] [Path '/response'] Object instance has properties which are not allowed by the schema: [\"_links\"]\n[ERROR] [Path '/response/liked_posts/0'] Object instance has properties which are not allowed by the schema: [\"blog\",\"id_string\"]\n[ERROR] [Path '/response/liked_posts/1'] Object instance has properties which are not allowed by the schema: [\"blog\",\"id_string\"]",
    "statusTrace" : "java.lang.AssertionError: Validation failed.\n[ERROR] [Path '/response'] Object instance has properties which are not allowed by the schema: [\"_links\"]\n[ERROR] [Path '/response/liked_posts/0'] Object instance has properties which are not allowed by the schema: [\"blog\",\"id_string\"]\n[ERROR] [Path '/response/liked_posts/1'] Object instance has properties which are not allowed by the schema: [\"blog\",\"id_string\"]\r\n\tat org.junit.Assert.fail(Assert.java:88)\r\n\tat tumblrRetrieveBlogsLikes_allNominalOriginalDependencies.TumblrTest_1iyc6m1lu3a77.test_1jiajbj19l9pg_getBlogLikes(TumblrTest_1iyc6m1lu3a77.java:20184)\r\n\tat sun.reflect.NativeMethodAccessorImpl.invoke0(Native Method)\r\n\tat sun.reflect.NativeMethodAccessorImpl.invoke(NativeMethodAccessorImpl.java:62)\r\n\tat sun.reflect.DelegatingMethodAccessorImpl.invoke(DelegatingMethodAccessorImpl.java:43)\r\n\tat java.lang.reflect.Method.invoke(Method.java:498)\r\n\tat org.junit.runners.model.FrameworkMethod$1.runReflectiveCall(FrameworkMethod.java:50)\r\n\tat org.junit.internal.runners.model.ReflectiveCallable.run(ReflectiveCallable.java:12)\r\n\tat org.junit.runners.model.FrameworkMethod.invokeExplosively(FrameworkMethod.java:47)\r\n\tat org.junit.internal.runners.statements.InvokeMethod.evaluate(InvokeMethod.java:17)\r\n\tat org.junit.runners.ParentRunner.runLeaf(ParentRunner.java:325)\r\n\tat org.junit.runners.BlockJUnit4ClassRunner.runChild(BlockJUnit4ClassRunner.java:78)\r\n\tat org.junit.runners.BlockJUnit4ClassRunner.runChild(BlockJUnit4ClassRunner.java:57)\r\n\tat org.junit.runners.ParentRunner$3.run(ParentRunner.java:290)\r\n\tat org.junit.runners.ParentRunner$1.schedule(ParentRunner.java:71)\r\n\tat org.junit.runners.ParentRunner.runChildren(ParentRunner.java:288)\r\n\tat org.junit.runners.ParentRunner.access$000(ParentRunner.java:58)\r\n\tat org.junit.runners.ParentRunner$2.evaluate(ParentRunner.java:268)\r\n\tat org.junit.internal.runners.statements.RunBefores.evaluate(RunBefores.java:26)\r\n\tat org.junit.runners.ParentRunner.run(ParentRunner.java:363)\r\n\tat org.junit.runners.Suite.runChild(Suite.java:128)\r\n\tat org.junit.runners.Suite.runChild(Suite.java:27)\r\n\tat org.junit.runners.ParentRunner$3.run(ParentRunner.java:290)\r\n\tat org.junit.runners.ParentRunner$1.schedule(ParentRunner.java:71)\r\n\tat org.junit.runners.ParentRunner.runChildren(ParentRunner.java:288)\r\n\tat org.junit.runners.ParentRunner.access$000(ParentRunner.java:58)\r\n\tat org.junit.runners.ParentRunner$2.evaluate(ParentRunner.java:268)\r\n\tat org.junit.runners.ParentRunner.run(ParentRunner.java:363)\r\n\tat org.junit.runner.JUnitCore.run(JUnitCore.java:137)\r\n\tat org.junit.runner.JUnitCore.run(JUnitCore.java:115)\r\n\tat org.junit.runner.JUnitCore.run(JUnitCore.java:105)\r\n\tat org.junit.runner.JUnitCore.run(JUnitCore.java:94)\r\n\tat es.us.isa.restest.runners.RESTestRunner.testExecution(RESTestRunner.java:143)\r\n\tat es.us.isa.restest.runners.RESTestRunner.run(RESTestRunner.java:74)\r\n\tat es.us.isa.restest.main.IterativeExample.main(IterativeExample.java:86)\r\n",
    "steps" : [ ],
    "attachments" : [ {
      "uid" : "4d055482a661cf41",
      "name" : "Request",
      "source" : "4d055482a661cf41.html",
      "type" : "text/html",
      "size" : 409
    }, {
      "uid" : "83a9d04017c5e202",
      "name" : "HTTP/1.1 200 OK",
      "source" : "83a9d04017c5e202.html",
      "type" : "text/html",
      "size" : 21719
    } ],
    "parameters" : [ ],
    "attachmentsCount" : 2,
    "shouldDisplayMessage" : true,
    "hasContent" : true,
    "stepsCount" : 0
  },
  "afterStages" : [ ],
  "labels" : [ {
    "name" : "package",
    "value" : "tumblrRetrieveBlogsLikes_allNominalOriginalDependencies"
  }, {
    "name" : "testClass",
    "value" : "tumblrRetrieveBlogsLikes_allNominalOriginalDependencies.TumblrTest_1iyc6m1lu3a77"
  }, {
    "name" : "testMethod",
    "value" : "test_1jiajbj19l9pg_getBlogLikes"
  }, {
    "name" : "suite",
    "value" : "tumblrRetrieveBlogsLikes_allNominalOriginalDependencies.TumblrTest_1iyc6m1lu3a77"
  }, {
    "name" : "host",
    "value" : "DESKTOP-2NNIJVP"
  }, {
    "name" : "thread",
    "value" : "29332@DESKTOP-2NNIJVP.main(1)"
  }, {
    "name" : "framework",
    "value" : "junit4"
  }, {
    "name" : "language",
    "value" : "java"
  }, {
    "name" : "resultFormat",
    "value" : "allure2"
  } ],
  "parameters" : [ ],
  "links" : [ ],
  "hidden" : false,
  "retry" : false,
  "extra" : {
    "severity" : "normal",
    "retries" : [ ],
    "categories" : [ {
      "name" : "Validation failures",
      "traceRegex" : ".*Validation failed.*",
      "matchedStatuses" : [ "failed" ],
      "flaky" : false
    }, {
      "name" : "Failures",
      "matchedStatuses" : [ "failed" ],
      "flaky" : false
    } ],
    "tags" : [ ]
  },
  "source" : "aee76710af381e6b.json",
  "parameterValues" : [ ]
}