{
  "uid" : "530a5db7581bbead",
  "name" : "test_rhglzlfqpjz6_getBlogLikes",
  "fullName" : "tumblrRetrieveBlogsLikes_allFaultyHalfHalfOriginalDependencies.TumblrTest_qe3vnfmcry3n.test_rhglzlfqpjz6_getBlogLikes",
  "historyId" : "dc4e52fa1d6af5064ee7f4f04b3d30d1",
  "time" : {
    "start" : 1587383207414,
    "stop" : 1587383207705,
    "duration" : 291
  },
  "status" : "failed",
  "statusMessage" : "This faulty test case was expecting a 4XX status code(inter_parameter_dependency), but received other. Conformance error found.",
  "statusTrace" : "java.lang.AssertionError: This faulty test case was expecting a 4XX status code(inter_parameter_dependency), but received other. Conformance error found.\r\n\tat org.junit.Assert.fail(Assert.java:88)\r\n\tat tumblrRetrieveBlogsLikes_allFaultyHalfHalfOriginalDependencies.TumblrTest_qe3vnfmcry3n.test_rhglzlfqpjz6_getBlogLikes(TumblrTest_qe3vnfmcry3n.java:7644)\r\n\tat sun.reflect.NativeMethodAccessorImpl.invoke0(Native Method)\r\n\tat sun.reflect.NativeMethodAccessorImpl.invoke(NativeMethodAccessorImpl.java:62)\r\n\tat sun.reflect.DelegatingMethodAccessorImpl.invoke(DelegatingMethodAccessorImpl.java:43)\r\n\tat java.lang.reflect.Method.invoke(Method.java:498)\r\n\tat org.junit.runners.model.FrameworkMethod$1.runReflectiveCall(FrameworkMethod.java:50)\r\n\tat org.junit.internal.runners.model.ReflectiveCallable.run(ReflectiveCallable.java:12)\r\n\tat org.junit.runners.model.FrameworkMethod.invokeExplosively(FrameworkMethod.java:47)\r\n\tat org.junit.internal.runners.statements.InvokeMethod.evaluate(InvokeMethod.java:17)\r\n\tat org.junit.runners.ParentRunner.runLeaf(ParentRunner.java:325)\r\n\tat org.junit.runners.BlockJUnit4ClassRunner.runChild(BlockJUnit4ClassRunner.java:78)\r\n\tat org.junit.runners.BlockJUnit4ClassRunner.runChild(BlockJUnit4ClassRunner.java:57)\r\n\tat org.junit.runners.ParentRunner$3.run(ParentRunner.java:290)\r\n\tat org.junit.runners.ParentRunner$1.schedule(ParentRunner.java:71)\r\n\tat org.junit.runners.ParentRunner.runChildren(ParentRunner.java:288)\r\n\tat org.junit.runners.ParentRunner.access$000(ParentRunner.java:58)\r\n\tat org.junit.runners.ParentRunner$2.evaluate(ParentRunner.java:268)\r\n\tat org.junit.internal.runners.statements.RunBefores.evaluate(RunBefores.java:26)\r\n\tat org.junit.runners.ParentRunner.run(ParentRunner.java:363)\r\n\tat org.junit.runners.Suite.runChild(Suite.java:128)\r\n\tat org.junit.runners.Suite.runChild(Suite.java:27)\r\n\tat org.junit.runners.ParentRunner$3.run(ParentRunner.java:290)\r\n\tat org.junit.runners.ParentRunner$1.schedule(ParentRunner.java:71)\r\n\tat org.junit.runners.ParentRunner.runChildren(ParentRunner.java:288)\r\n\tat org.junit.runners.ParentRunner.access$000(ParentRunner.java:58)\r\n\tat org.junit.runners.ParentRunner$2.evaluate(ParentRunner.java:268)\r\n\tat org.junit.runners.ParentRunner.run(ParentRunner.java:363)\r\n\tat org.junit.runner.JUnitCore.run(JUnitCore.java:137)\r\n\tat org.junit.runner.JUnitCore.run(JUnitCore.java:115)\r\n\tat org.junit.runner.JUnitCore.run(JUnitCore.java:105)\r\n\tat org.junit.runner.JUnitCore.run(JUnitCore.java:94)\r\n\tat es.us.isa.restest.runners.RESTestRunner.testExecution(RESTestRunner.java:143)\r\n\tat es.us.isa.restest.runners.RESTestRunner.run(RESTestRunner.java:74)\r\n\tat es.us.isa.restest.main.IterativeExample.main(IterativeExample.java:86)\r\n",
  "flaky" : false,
  "newFailed" : false,
  "beforeStages" : [ ],
  "testStage" : {
    "status" : "failed",
    "statusMessage" : "This faulty test case was expecting a 4XX status code(inter_parameter_dependency), but received other. Conformance error found.",
    "statusTrace" : "java.lang.AssertionError: This faulty test case was expecting a 4XX status code(inter_parameter_dependency), but received other. Conformance error found.\r\n\tat org.junit.Assert.fail(Assert.java:88)\r\n\tat tumblrRetrieveBlogsLikes_allFaultyHalfHalfOriginalDependencies.TumblrTest_qe3vnfmcry3n.test_rhglzlfqpjz6_getBlogLikes(TumblrTest_qe3vnfmcry3n.java:7644)\r\n\tat sun.reflect.NativeMethodAccessorImpl.invoke0(Native Method)\r\n\tat sun.reflect.NativeMethodAccessorImpl.invoke(NativeMethodAccessorImpl.java:62)\r\n\tat sun.reflect.DelegatingMethodAccessorImpl.invoke(DelegatingMethodAccessorImpl.java:43)\r\n\tat java.lang.reflect.Method.invoke(Method.java:498)\r\n\tat org.junit.runners.model.FrameworkMethod$1.runReflectiveCall(FrameworkMethod.java:50)\r\n\tat org.junit.internal.runners.model.ReflectiveCallable.run(ReflectiveCallable.java:12)\r\n\tat org.junit.runners.model.FrameworkMethod.invokeExplosively(FrameworkMethod.java:47)\r\n\tat org.junit.internal.runners.statements.InvokeMethod.evaluate(InvokeMethod.java:17)\r\n\tat org.junit.runners.ParentRunner.runLeaf(ParentRunner.java:325)\r\n\tat org.junit.runners.BlockJUnit4ClassRunner.runChild(BlockJUnit4ClassRunner.java:78)\r\n\tat org.junit.runners.BlockJUnit4ClassRunner.runChild(BlockJUnit4ClassRunner.java:57)\r\n\tat org.junit.runners.ParentRunner$3.run(ParentRunner.java:290)\r\n\tat org.junit.runners.ParentRunner$1.schedule(ParentRunner.java:71)\r\n\tat org.junit.runners.ParentRunner.runChildren(ParentRunner.java:288)\r\n\tat org.junit.runners.ParentRunner.access$000(ParentRunner.java:58)\r\n\tat org.junit.runners.ParentRunner$2.evaluate(ParentRunner.java:268)\r\n\tat org.junit.internal.runners.statements.RunBefores.evaluate(RunBefores.java:26)\r\n\tat org.junit.runners.ParentRunner.run(ParentRunner.java:363)\r\n\tat org.junit.runners.Suite.runChild(Suite.java:128)\r\n\tat org.junit.runners.Suite.runChild(Suite.java:27)\r\n\tat org.junit.runners.ParentRunner$3.run(ParentRunner.java:290)\r\n\tat org.junit.runners.ParentRunner$1.schedule(ParentRunner.java:71)\r\n\tat org.junit.runners.ParentRunner.runChildren(ParentRunner.java:288)\r\n\tat org.junit.runners.ParentRunner.access$000(ParentRunner.java:58)\r\n\tat org.junit.runners.ParentRunner$2.evaluate(ParentRunner.java:268)\r\n\tat org.junit.runners.ParentRunner.run(ParentRunner.java:363)\r\n\tat org.junit.runner.JUnitCore.run(JUnitCore.java:137)\r\n\tat org.junit.runner.JUnitCore.run(JUnitCore.java:115)\r\n\tat org.junit.runner.JUnitCore.run(JUnitCore.java:105)\r\n\tat org.junit.runner.JUnitCore.run(JUnitCore.java:94)\r\n\tat es.us.isa.restest.runners.RESTestRunner.testExecution(RESTestRunner.java:143)\r\n\tat es.us.isa.restest.runners.RESTestRunner.run(RESTestRunner.java:74)\r\n\tat es.us.isa.restest.main.IterativeExample.main(IterativeExample.java:86)\r\n",
    "steps" : [ ],
    "attachments" : [ {
      "uid" : "b53f822417e817f4",
      "name" : "Request",
      "source" : "b53f822417e817f4.html",
      "type" : "text/html",
      "size" : 493
    }, {
      "uid" : "f83499321fb71572",
      "name" : "HTTP/1.1 200 OK",
      "source" : "f83499321fb71572.html",
      "type" : "text/html",
      "size" : 21716
    } ],
    "parameters" : [ ],
    "stepsCount" : 0,
    "hasContent" : true,
    "attachmentsCount" : 2,
    "shouldDisplayMessage" : true
  },
  "afterStages" : [ ],
  "labels" : [ {
    "name" : "package",
    "value" : "tumblrRetrieveBlogsLikes_allFaultyHalfHalfOriginalDependencies"
  }, {
    "name" : "testClass",
    "value" : "tumblrRetrieveBlogsLikes_allFaultyHalfHalfOriginalDependencies.TumblrTest_qe3vnfmcry3n"
  }, {
    "name" : "testMethod",
    "value" : "test_rhglzlfqpjz6_getBlogLikes"
  }, {
    "name" : "suite",
    "value" : "tumblrRetrieveBlogsLikes_allFaultyHalfHalfOriginalDependencies.TumblrTest_qe3vnfmcry3n"
  }, {
    "name" : "host",
    "value" : "DESKTOP-2NNIJVP"
  }, {
    "name" : "thread",
    "value" : "19376@DESKTOP-2NNIJVP.main(1)"
  }, {
    "name" : "framework",
    "value" : "junit4"
  }, {
    "name" : "language",
    "value" : "java"
  }, {
    "name" : "resultFormat",
    "value" : "allure2"
  } ],
  "parameters" : [ ],
  "links" : [ ],
  "hidden" : false,
  "retry" : false,
  "extra" : {
    "severity" : "normal",
    "retries" : [ ],
    "categories" : [ {
      "name" : "Faulty test cases failures",
      "messageRegex" : ".*faulty test case.*",
      "matchedStatuses" : [ "failed" ],
      "flaky" : false
    }, {
      "name" : "Faulty test case failed (inter_parameter_dependency)",
      "messageRegex" : ".*inter_parameter_dependency.*",
      "matchedStatuses" : [ "failed" ],
      "flaky" : false
    }, {
      "name" : "Conformance errors",
      "messageRegex" : ".*Conformance error.*",
      "matchedStatuses" : [ "failed" ],
      "flaky" : false
    }, {
      "name" : "Failures",
      "matchedStatuses" : [ "failed" ],
      "flaky" : false
    } ],
    "tags" : [ ]
  },
  "source" : "530a5db7581bbead.json",
  "parameterValues" : [ ]
}