{
  "uid" : "47bb4dcc7722f60b",
  "name" : "test_1k1wpkj6beng3_searchVenues",
  "fullName" : "foursquareSearchVenues_allNominalOriginalDependencies.FoursquareTest_vbbubz2r1fll.test_1k1wpkj6beng3_searchVenues",
  "historyId" : "5fcab3728c962dba8d56690f9044d1c3",
  "time" : {
    "start" : 1586864373769,
    "stop" : 1586864374060,
    "duration" : 291
  },
  "status" : "failed",
  "statusMessage" : "Validation failed.\n[ERROR] [Path '/response'] Object instance has properties which are not allowed by the schema: [\"geocode\"]",
  "statusTrace" : "java.lang.AssertionError: Validation failed.\n[ERROR] [Path '/response'] Object instance has properties which are not allowed by the schema: [\"geocode\"]\r\n\tat org.junit.Assert.fail(Assert.java:88)\r\n\tat foursquareSearchVenues_allNominalOriginalDependencies.FoursquareTest_vbbubz2r1fll.test_1k1wpkj6beng3_searchVenues(FoursquareTest_vbbubz2r1fll.java:1454)\r\n\tat sun.reflect.NativeMethodAccessorImpl.invoke0(Native Method)\r\n\tat sun.reflect.NativeMethodAccessorImpl.invoke(NativeMethodAccessorImpl.java:62)\r\n\tat sun.reflect.DelegatingMethodAccessorImpl.invoke(DelegatingMethodAccessorImpl.java:43)\r\n\tat java.lang.reflect.Method.invoke(Method.java:498)\r\n\tat org.junit.runners.model.FrameworkMethod$1.runReflectiveCall(FrameworkMethod.java:50)\r\n\tat org.junit.internal.runners.model.ReflectiveCallable.run(ReflectiveCallable.java:12)\r\n\tat org.junit.runners.model.FrameworkMethod.invokeExplosively(FrameworkMethod.java:47)\r\n\tat org.junit.internal.runners.statements.InvokeMethod.evaluate(InvokeMethod.java:17)\r\n\tat org.junit.runners.ParentRunner.runLeaf(ParentRunner.java:325)\r\n\tat org.junit.runners.BlockJUnit4ClassRunner.runChild(BlockJUnit4ClassRunner.java:78)\r\n\tat org.junit.runners.BlockJUnit4ClassRunner.runChild(BlockJUnit4ClassRunner.java:57)\r\n\tat org.junit.runners.ParentRunner$3.run(ParentRunner.java:290)\r\n\tat org.junit.runners.ParentRunner$1.schedule(ParentRunner.java:71)\r\n\tat org.junit.runners.ParentRunner.runChildren(ParentRunner.java:288)\r\n\tat org.junit.runners.ParentRunner.access$000(ParentRunner.java:58)\r\n\tat org.junit.runners.ParentRunner$2.evaluate(ParentRunner.java:268)\r\n\tat org.junit.internal.runners.statements.RunBefores.evaluate(RunBefores.java:26)\r\n\tat org.junit.runners.ParentRunner.run(ParentRunner.java:363)\r\n\tat org.junit.runners.Suite.runChild(Suite.java:128)\r\n\tat org.junit.runners.Suite.runChild(Suite.java:27)\r\n\tat org.junit.runners.ParentRunner$3.run(ParentRunner.java:290)\r\n\tat org.junit.runners.ParentRunner$1.schedule(ParentRunner.java:71)\r\n\tat org.junit.runners.ParentRunner.runChildren(ParentRunner.java:288)\r\n\tat org.junit.runners.ParentRunner.access$000(ParentRunner.java:58)\r\n\tat org.junit.runners.ParentRunner$2.evaluate(ParentRunner.java:268)\r\n\tat org.junit.runners.ParentRunner.run(ParentRunner.java:363)\r\n\tat org.junit.runner.JUnitCore.run(JUnitCore.java:137)\r\n\tat org.junit.runner.JUnitCore.run(JUnitCore.java:115)\r\n\tat org.junit.runner.JUnitCore.run(JUnitCore.java:105)\r\n\tat org.junit.runner.JUnitCore.run(JUnitCore.java:94)\r\n\tat es.us.isa.restest.runners.RESTestRunner.testExecution(RESTestRunner.java:143)\r\n\tat es.us.isa.restest.runners.RESTestRunner.run(RESTestRunner.java:74)\r\n\tat es.us.isa.restest.main.IterativeExample.main(IterativeExample.java:86)\r\n",
  "flaky" : false,
  "newFailed" : false,
  "beforeStages" : [ ],
  "testStage" : {
    "status" : "failed",
    "statusMessage" : "Validation failed.\n[ERROR] [Path '/response'] Object instance has properties which are not allowed by the schema: [\"geocode\"]",
    "statusTrace" : "java.lang.AssertionError: Validation failed.\n[ERROR] [Path '/response'] Object instance has properties which are not allowed by the schema: [\"geocode\"]\r\n\tat org.junit.Assert.fail(Assert.java:88)\r\n\tat foursquareSearchVenues_allNominalOriginalDependencies.FoursquareTest_vbbubz2r1fll.test_1k1wpkj6beng3_searchVenues(FoursquareTest_vbbubz2r1fll.java:1454)\r\n\tat sun.reflect.NativeMethodAccessorImpl.invoke0(Native Method)\r\n\tat sun.reflect.NativeMethodAccessorImpl.invoke(NativeMethodAccessorImpl.java:62)\r\n\tat sun.reflect.DelegatingMethodAccessorImpl.invoke(DelegatingMethodAccessorImpl.java:43)\r\n\tat java.lang.reflect.Method.invoke(Method.java:498)\r\n\tat org.junit.runners.model.FrameworkMethod$1.runReflectiveCall(FrameworkMethod.java:50)\r\n\tat org.junit.internal.runners.model.ReflectiveCallable.run(ReflectiveCallable.java:12)\r\n\tat org.junit.runners.model.FrameworkMethod.invokeExplosively(FrameworkMethod.java:47)\r\n\tat org.junit.internal.runners.statements.InvokeMethod.evaluate(InvokeMethod.java:17)\r\n\tat org.junit.runners.ParentRunner.runLeaf(ParentRunner.java:325)\r\n\tat org.junit.runners.BlockJUnit4ClassRunner.runChild(BlockJUnit4ClassRunner.java:78)\r\n\tat org.junit.runners.BlockJUnit4ClassRunner.runChild(BlockJUnit4ClassRunner.java:57)\r\n\tat org.junit.runners.ParentRunner$3.run(ParentRunner.java:290)\r\n\tat org.junit.runners.ParentRunner$1.schedule(ParentRunner.java:71)\r\n\tat org.junit.runners.ParentRunner.runChildren(ParentRunner.java:288)\r\n\tat org.junit.runners.ParentRunner.access$000(ParentRunner.java:58)\r\n\tat org.junit.runners.ParentRunner$2.evaluate(ParentRunner.java:268)\r\n\tat org.junit.internal.runners.statements.RunBefores.evaluate(RunBefores.java:26)\r\n\tat org.junit.runners.ParentRunner.run(ParentRunner.java:363)\r\n\tat org.junit.runners.Suite.runChild(Suite.java:128)\r\n\tat org.junit.runners.Suite.runChild(Suite.java:27)\r\n\tat org.junit.runners.ParentRunner$3.run(ParentRunner.java:290)\r\n\tat org.junit.runners.ParentRunner$1.schedule(ParentRunner.java:71)\r\n\tat org.junit.runners.ParentRunner.runChildren(ParentRunner.java:288)\r\n\tat org.junit.runners.ParentRunner.access$000(ParentRunner.java:58)\r\n\tat org.junit.runners.ParentRunner$2.evaluate(ParentRunner.java:268)\r\n\tat org.junit.runners.ParentRunner.run(ParentRunner.java:363)\r\n\tat org.junit.runner.JUnitCore.run(JUnitCore.java:137)\r\n\tat org.junit.runner.JUnitCore.run(JUnitCore.java:115)\r\n\tat org.junit.runner.JUnitCore.run(JUnitCore.java:105)\r\n\tat org.junit.runner.JUnitCore.run(JUnitCore.java:94)\r\n\tat es.us.isa.restest.runners.RESTestRunner.testExecution(RESTestRunner.java:143)\r\n\tat es.us.isa.restest.runners.RESTestRunner.run(RESTestRunner.java:74)\r\n\tat es.us.isa.restest.main.IterativeExample.main(IterativeExample.java:86)\r\n",
    "steps" : [ ],
    "attachments" : [ {
      "uid" : "5d764279a059bf2c",
      "name" : "Request",
      "source" : "5d764279a059bf2c.html",
      "type" : "text/html",
      "size" : 943
    }, {
      "uid" : "774171f66eeb7551",
      "name" : "HTTP/1.1 200 OK",
      "source" : "774171f66eeb7551.html",
      "type" : "text/html",
      "size" : 2846
    } ],
    "parameters" : [ ],
    "stepsCount" : 0,
    "hasContent" : true,
    "shouldDisplayMessage" : true,
    "attachmentsCount" : 2
  },
  "afterStages" : [ ],
  "labels" : [ {
    "name" : "package",
    "value" : "foursquareSearchVenues_allNominalOriginalDependencies"
  }, {
    "name" : "testClass",
    "value" : "foursquareSearchVenues_allNominalOriginalDependencies.FoursquareTest_vbbubz2r1fll"
  }, {
    "name" : "testMethod",
    "value" : "test_1k1wpkj6beng3_searchVenues"
  }, {
    "name" : "suite",
    "value" : "foursquareSearchVenues_allNominalOriginalDependencies.FoursquareTest_vbbubz2r1fll"
  }, {
    "name" : "host",
    "value" : "DESKTOP-2NNIJVP"
  }, {
    "name" : "thread",
    "value" : "19136@DESKTOP-2NNIJVP.main(1)"
  }, {
    "name" : "framework",
    "value" : "junit4"
  }, {
    "name" : "language",
    "value" : "java"
  }, {
    "name" : "resultFormat",
    "value" : "allure2"
  } ],
  "parameters" : [ ],
  "links" : [ ],
  "hidden" : false,
  "retry" : false,
  "extra" : {
    "severity" : "normal",
    "retries" : [ ],
    "categories" : [ {
      "name" : "Validation failures",
      "traceRegex" : ".*Validation failed.*",
      "matchedStatuses" : [ "failed" ],
      "flaky" : false
    }, {
      "name" : "Failures",
      "matchedStatuses" : [ "failed" ],
      "flaky" : false
    } ],
    "tags" : [ ]
  },
  "source" : "47bb4dcc7722f60b.json",
  "parameterValues" : [ ]
}