{
  "uid" : "e73549c7db9c0377",
  "name" : "test_urejvwq91usx_getBusinesses",
  "fullName" : "yelpBusinessesSearch_allNominalIgnoreDependencies.YelpTest_1jew1cwjmd6bb.test_urejvwq91usx_getBusinesses",
  "historyId" : "5d2bdf2e76ee347b5330db4229633855",
  "time" : {
    "start" : 1586861927748,
    "stop" : 1586861928581,
    "duration" : 833
  },
  "status" : "failed",
  "statusMessage" : "Validation failed.\n[ERROR] [Path '/businesses/0/price'] Instance value (\"££\") not found in enum (possible values: [\"$\",\"$$\",\"$$$\",\"$$$$\"])\n[ERROR] [Path '/businesses/1/price'] Instance value (\"£\") not found in enum (possible values: [\"$\",\"$$\",\"$$$\",\"$$$$\"])\n[ERROR] [Path '/businesses/2/price'] Instance value (\"££\") not found in enum (possible values: [\"$\",\"$$\",\"$$$\",\"$$$$\"])\n[ERROR] [Path '/businesses/3/price'] Instance value (\"££\") not found in enum (possible values: [\"$\",\"$$\",\"$$$\",\"$$$$\"])\n[ERROR] [Path '/businesses/4/price'] Instance value (\"££\") not found in enum (possible values: [\"$\",\"$$\",\"$$$\",\"$$$$\"])\n[ERROR] [Path '/businesses/5/price'] Instance value (\"££\") not found in enum (possible values: [\"$\",\"$$\",\"$$$\",\"$$$$\"])\n[ERROR] [Path '/businesses/7/price'] Instance value (\"££\") not found in enum (possible values: [\"$\",\"$$\",\"$$$\",\"$$$$\"])\n[ERROR] [Path '/businesses/8/price'] Instance value (\"££\") not found in enum (possible values: [\"$\",\"$$\",\"$$$\",\"$$$$\"])\n[ERROR] [Path '/businesses/9/price'] Instance value (\"££\") not found in enum (possible values: [\"$\",\"$$\",\"$$$\",\"$$$$\"])\n[ERROR] [Path '/businesses/10/price'] Instance value (\"££\") not found in enum (possible values: [\"$\",\"$$\",\"$$$\",\"$$$$\"])\n[ERROR] [Path '/businesses/12/price'] Instance value (\"££\") not found in enum (possible values: [\"$\",\"$$\",\"$$$\",\"$$$$\"])\n[ERROR] [Path '/businesses/15/price'] Instance value (\"££\") not found in enum (possible values: [\"$\",\"$$\",\"$$$\",\"$$$$\"])\n[ERROR] [Path '/businesses/16/price'] Instance value (\"£££\") not found in enum (possible values: [\"$\",\"$$\",\"$$$\",\"$$$$\"])\n[ERROR] [Path '/businesses/17/price'] Instance value (\"££\") not found in enum (possible values: [\"$\",\"$$\",\"$$$\",\"$$$$\"])\n[ERROR] [Path '/businesses/18/price'] Instance value (\"£\") not found in enum (possible values: [\"$\",\"$$\",\"$$$\",\"$$$$\"])\n[ERROR] [Path '/businesses/19/price'] Instance value (\"£\") not found in enum (possible values: [\"$\",\"$$\",\"$$$\",\"$$$$\"])",
  "statusTrace" : "java.lang.AssertionError: Validation failed.\n[ERROR] [Path '/businesses/0/price'] Instance value (\"££\") not found in enum (possible values: [\"$\",\"$$\",\"$$$\",\"$$$$\"])\n[ERROR] [Path '/businesses/1/price'] Instance value (\"£\") not found in enum (possible values: [\"$\",\"$$\",\"$$$\",\"$$$$\"])\n[ERROR] [Path '/businesses/2/price'] Instance value (\"££\") not found in enum (possible values: [\"$\",\"$$\",\"$$$\",\"$$$$\"])\n[ERROR] [Path '/businesses/3/price'] Instance value (\"££\") not found in enum (possible values: [\"$\",\"$$\",\"$$$\",\"$$$$\"])\n[ERROR] [Path '/businesses/4/price'] Instance value (\"££\") not found in enum (possible values: [\"$\",\"$$\",\"$$$\",\"$$$$\"])\n[ERROR] [Path '/businesses/5/price'] Instance value (\"££\") not found in enum (possible values: [\"$\",\"$$\",\"$$$\",\"$$$$\"])\n[ERROR] [Path '/businesses/7/price'] Instance value (\"££\") not found in enum (possible values: [\"$\",\"$$\",\"$$$\",\"$$$$\"])\n[ERROR] [Path '/businesses/8/price'] Instance value (\"££\") not found in enum (possible values: [\"$\",\"$$\",\"$$$\",\"$$$$\"])\n[ERROR] [Path '/businesses/9/price'] Instance value (\"££\") not found in enum (possible values: [\"$\",\"$$\",\"$$$\",\"$$$$\"])\n[ERROR] [Path '/businesses/10/price'] Instance value (\"££\") not found in enum (possible values: [\"$\",\"$$\",\"$$$\",\"$$$$\"])\n[ERROR] [Path '/businesses/12/price'] Instance value (\"££\") not found in enum (possible values: [\"$\",\"$$\",\"$$$\",\"$$$$\"])\n[ERROR] [Path '/businesses/15/price'] Instance value (\"££\") not found in enum (possible values: [\"$\",\"$$\",\"$$$\",\"$$$$\"])\n[ERROR] [Path '/businesses/16/price'] Instance value (\"£££\") not found in enum (possible values: [\"$\",\"$$\",\"$$$\",\"$$$$\"])\n[ERROR] [Path '/businesses/17/price'] Instance value (\"££\") not found in enum (possible values: [\"$\",\"$$\",\"$$$\",\"$$$$\"])\n[ERROR] [Path '/businesses/18/price'] Instance value (\"£\") not found in enum (possible values: [\"$\",\"$$\",\"$$$\",\"$$$$\"])\n[ERROR] [Path '/businesses/19/price'] Instance value (\"£\") not found in enum (possible values: [\"$\",\"$$\",\"$$$\",\"$$$$\"])\r\n\tat org.junit.Assert.fail(Assert.java:88)\r\n\tat yelpBusinessesSearch_allNominalIgnoreDependencies.YelpTest_1jew1cwjmd6bb.test_urejvwq91usx_getBusinesses(YelpTest_1jew1cwjmd6bb.java:12657)\r\n\tat sun.reflect.NativeMethodAccessorImpl.invoke0(Native Method)\r\n\tat sun.reflect.NativeMethodAccessorImpl.invoke(NativeMethodAccessorImpl.java:62)\r\n\tat sun.reflect.DelegatingMethodAccessorImpl.invoke(DelegatingMethodAccessorImpl.java:43)\r\n\tat java.lang.reflect.Method.invoke(Method.java:498)\r\n\tat org.junit.runners.model.FrameworkMethod$1.runReflectiveCall(FrameworkMethod.java:50)\r\n\tat org.junit.internal.runners.model.ReflectiveCallable.run(ReflectiveCallable.java:12)\r\n\tat org.junit.runners.model.FrameworkMethod.invokeExplosively(FrameworkMethod.java:47)\r\n\tat org.junit.internal.runners.statements.InvokeMethod.evaluate(InvokeMethod.java:17)\r\n\tat org.junit.runners.ParentRunner.runLeaf(ParentRunner.java:325)\r\n\tat org.junit.runners.BlockJUnit4ClassRunner.runChild(BlockJUnit4ClassRunner.java:78)\r\n\tat org.junit.runners.BlockJUnit4ClassRunner.runChild(BlockJUnit4ClassRunner.java:57)\r\n\tat org.junit.runners.ParentRunner$3.run(ParentRunner.java:290)\r\n\tat org.junit.runners.ParentRunner$1.schedule(ParentRunner.java:71)\r\n\tat org.junit.runners.ParentRunner.runChildren(ParentRunner.java:288)\r\n\tat org.junit.runners.ParentRunner.access$000(ParentRunner.java:58)\r\n\tat org.junit.runners.ParentRunner$2.evaluate(ParentRunner.java:268)\r\n\tat org.junit.internal.runners.statements.RunBefores.evaluate(RunBefores.java:26)\r\n\tat org.junit.runners.ParentRunner.run(ParentRunner.java:363)\r\n\tat org.junit.runners.Suite.runChild(Suite.java:128)\r\n\tat org.junit.runners.Suite.runChild(Suite.java:27)\r\n\tat org.junit.runners.ParentRunner$3.run(ParentRunner.java:290)\r\n\tat org.junit.runners.ParentRunner$1.schedule(ParentRunner.java:71)\r\n\tat org.junit.runners.ParentRunner.runChildren(ParentRunner.java:288)\r\n\tat org.junit.runners.ParentRunner.access$000(ParentRunner.java:58)\r\n\tat org.junit.runners.ParentRunner$2.evaluate(ParentRunner.java:268)\r\n\tat org.junit.runners.ParentRunner.run(ParentRunner.java:363)\r\n\tat org.junit.runner.JUnitCore.run(JUnitCore.java:137)\r\n\tat org.junit.runner.JUnitCore.run(JUnitCore.java:115)\r\n\tat org.junit.runner.JUnitCore.run(JUnitCore.java:105)\r\n\tat org.junit.runner.JUnitCore.run(JUnitCore.java:94)\r\n\tat es.us.isa.restest.runners.RESTestRunner.testExecution(RESTestRunner.java:143)\r\n\tat es.us.isa.restest.runners.RESTestRunner.run(RESTestRunner.java:74)\r\n\tat es.us.isa.restest.main.IterativeExample.main(IterativeExample.java:86)\r\n",
  "flaky" : false,
  "newFailed" : false,
  "beforeStages" : [ ],
  "testStage" : {
    "status" : "failed",
    "statusMessage" : "Validation failed.\n[ERROR] [Path '/businesses/0/price'] Instance value (\"££\") not found in enum (possible values: [\"$\",\"$$\",\"$$$\",\"$$$$\"])\n[ERROR] [Path '/businesses/1/price'] Instance value (\"£\") not found in enum (possible values: [\"$\",\"$$\",\"$$$\",\"$$$$\"])\n[ERROR] [Path '/businesses/2/price'] Instance value (\"££\") not found in enum (possible values: [\"$\",\"$$\",\"$$$\",\"$$$$\"])\n[ERROR] [Path '/businesses/3/price'] Instance value (\"££\") not found in enum (possible values: [\"$\",\"$$\",\"$$$\",\"$$$$\"])\n[ERROR] [Path '/businesses/4/price'] Instance value (\"££\") not found in enum (possible values: [\"$\",\"$$\",\"$$$\",\"$$$$\"])\n[ERROR] [Path '/businesses/5/price'] Instance value (\"££\") not found in enum (possible values: [\"$\",\"$$\",\"$$$\",\"$$$$\"])\n[ERROR] [Path '/businesses/7/price'] Instance value (\"££\") not found in enum (possible values: [\"$\",\"$$\",\"$$$\",\"$$$$\"])\n[ERROR] [Path '/businesses/8/price'] Instance value (\"££\") not found in enum (possible values: [\"$\",\"$$\",\"$$$\",\"$$$$\"])\n[ERROR] [Path '/businesses/9/price'] Instance value (\"££\") not found in enum (possible values: [\"$\",\"$$\",\"$$$\",\"$$$$\"])\n[ERROR] [Path '/businesses/10/price'] Instance value (\"££\") not found in enum (possible values: [\"$\",\"$$\",\"$$$\",\"$$$$\"])\n[ERROR] [Path '/businesses/12/price'] Instance value (\"££\") not found in enum (possible values: [\"$\",\"$$\",\"$$$\",\"$$$$\"])\n[ERROR] [Path '/businesses/15/price'] Instance value (\"££\") not found in enum (possible values: [\"$\",\"$$\",\"$$$\",\"$$$$\"])\n[ERROR] [Path '/businesses/16/price'] Instance value (\"£££\") not found in enum (possible values: [\"$\",\"$$\",\"$$$\",\"$$$$\"])\n[ERROR] [Path '/businesses/17/price'] Instance value (\"££\") not found in enum (possible values: [\"$\",\"$$\",\"$$$\",\"$$$$\"])\n[ERROR] [Path '/businesses/18/price'] Instance value (\"£\") not found in enum (possible values: [\"$\",\"$$\",\"$$$\",\"$$$$\"])\n[ERROR] [Path '/businesses/19/price'] Instance value (\"£\") not found in enum (possible values: [\"$\",\"$$\",\"$$$\",\"$$$$\"])",
    "statusTrace" : "java.lang.AssertionError: Validation failed.\n[ERROR] [Path '/businesses/0/price'] Instance value (\"££\") not found in enum (possible values: [\"$\",\"$$\",\"$$$\",\"$$$$\"])\n[ERROR] [Path '/businesses/1/price'] Instance value (\"£\") not found in enum (possible values: [\"$\",\"$$\",\"$$$\",\"$$$$\"])\n[ERROR] [Path '/businesses/2/price'] Instance value (\"££\") not found in enum (possible values: [\"$\",\"$$\",\"$$$\",\"$$$$\"])\n[ERROR] [Path '/businesses/3/price'] Instance value (\"££\") not found in enum (possible values: [\"$\",\"$$\",\"$$$\",\"$$$$\"])\n[ERROR] [Path '/businesses/4/price'] Instance value (\"££\") not found in enum (possible values: [\"$\",\"$$\",\"$$$\",\"$$$$\"])\n[ERROR] [Path '/businesses/5/price'] Instance value (\"££\") not found in enum (possible values: [\"$\",\"$$\",\"$$$\",\"$$$$\"])\n[ERROR] [Path '/businesses/7/price'] Instance value (\"££\") not found in enum (possible values: [\"$\",\"$$\",\"$$$\",\"$$$$\"])\n[ERROR] [Path '/businesses/8/price'] Instance value (\"££\") not found in enum (possible values: [\"$\",\"$$\",\"$$$\",\"$$$$\"])\n[ERROR] [Path '/businesses/9/price'] Instance value (\"££\") not found in enum (possible values: [\"$\",\"$$\",\"$$$\",\"$$$$\"])\n[ERROR] [Path '/businesses/10/price'] Instance value (\"££\") not found in enum (possible values: [\"$\",\"$$\",\"$$$\",\"$$$$\"])\n[ERROR] [Path '/businesses/12/price'] Instance value (\"££\") not found in enum (possible values: [\"$\",\"$$\",\"$$$\",\"$$$$\"])\n[ERROR] [Path '/businesses/15/price'] Instance value (\"££\") not found in enum (possible values: [\"$\",\"$$\",\"$$$\",\"$$$$\"])\n[ERROR] [Path '/businesses/16/price'] Instance value (\"£££\") not found in enum (possible values: [\"$\",\"$$\",\"$$$\",\"$$$$\"])\n[ERROR] [Path '/businesses/17/price'] Instance value (\"££\") not found in enum (possible values: [\"$\",\"$$\",\"$$$\",\"$$$$\"])\n[ERROR] [Path '/businesses/18/price'] Instance value (\"£\") not found in enum (possible values: [\"$\",\"$$\",\"$$$\",\"$$$$\"])\n[ERROR] [Path '/businesses/19/price'] Instance value (\"£\") not found in enum (possible values: [\"$\",\"$$\",\"$$$\",\"$$$$\"])\r\n\tat org.junit.Assert.fail(Assert.java:88)\r\n\tat yelpBusinessesSearch_allNominalIgnoreDependencies.YelpTest_1jew1cwjmd6bb.test_urejvwq91usx_getBusinesses(YelpTest_1jew1cwjmd6bb.java:12657)\r\n\tat sun.reflect.NativeMethodAccessorImpl.invoke0(Native Method)\r\n\tat sun.reflect.NativeMethodAccessorImpl.invoke(NativeMethodAccessorImpl.java:62)\r\n\tat sun.reflect.DelegatingMethodAccessorImpl.invoke(DelegatingMethodAccessorImpl.java:43)\r\n\tat java.lang.reflect.Method.invoke(Method.java:498)\r\n\tat org.junit.runners.model.FrameworkMethod$1.runReflectiveCall(FrameworkMethod.java:50)\r\n\tat org.junit.internal.runners.model.ReflectiveCallable.run(ReflectiveCallable.java:12)\r\n\tat org.junit.runners.model.FrameworkMethod.invokeExplosively(FrameworkMethod.java:47)\r\n\tat org.junit.internal.runners.statements.InvokeMethod.evaluate(InvokeMethod.java:17)\r\n\tat org.junit.runners.ParentRunner.runLeaf(ParentRunner.java:325)\r\n\tat org.junit.runners.BlockJUnit4ClassRunner.runChild(BlockJUnit4ClassRunner.java:78)\r\n\tat org.junit.runners.BlockJUnit4ClassRunner.runChild(BlockJUnit4ClassRunner.java:57)\r\n\tat org.junit.runners.ParentRunner$3.run(ParentRunner.java:290)\r\n\tat org.junit.runners.ParentRunner$1.schedule(ParentRunner.java:71)\r\n\tat org.junit.runners.ParentRunner.runChildren(ParentRunner.java:288)\r\n\tat org.junit.runners.ParentRunner.access$000(ParentRunner.java:58)\r\n\tat org.junit.runners.ParentRunner$2.evaluate(ParentRunner.java:268)\r\n\tat org.junit.internal.runners.statements.RunBefores.evaluate(RunBefores.java:26)\r\n\tat org.junit.runners.ParentRunner.run(ParentRunner.java:363)\r\n\tat org.junit.runners.Suite.runChild(Suite.java:128)\r\n\tat org.junit.runners.Suite.runChild(Suite.java:27)\r\n\tat org.junit.runners.ParentRunner$3.run(ParentRunner.java:290)\r\n\tat org.junit.runners.ParentRunner$1.schedule(ParentRunner.java:71)\r\n\tat org.junit.runners.ParentRunner.runChildren(ParentRunner.java:288)\r\n\tat org.junit.runners.ParentRunner.access$000(ParentRunner.java:58)\r\n\tat org.junit.runners.ParentRunner$2.evaluate(ParentRunner.java:268)\r\n\tat org.junit.runners.ParentRunner.run(ParentRunner.java:363)\r\n\tat org.junit.runner.JUnitCore.run(JUnitCore.java:137)\r\n\tat org.junit.runner.JUnitCore.run(JUnitCore.java:115)\r\n\tat org.junit.runner.JUnitCore.run(JUnitCore.java:105)\r\n\tat org.junit.runner.JUnitCore.run(JUnitCore.java:94)\r\n\tat es.us.isa.restest.runners.RESTestRunner.testExecution(RESTestRunner.java:143)\r\n\tat es.us.isa.restest.runners.RESTestRunner.run(RESTestRunner.java:74)\r\n\tat es.us.isa.restest.main.IterativeExample.main(IterativeExample.java:86)\r\n",
    "steps" : [ ],
    "attachments" : [ {
      "uid" : "d12ef630ab6c2472",
      "name" : "Request",
      "source" : "d12ef630ab6c2472.html",
      "type" : "text/html",
      "size" : 729
    }, {
      "uid" : "978a46ead027efc1",
      "name" : "HTTP/1.1 200 OK",
      "source" : "978a46ead027efc1.html",
      "type" : "text/html",
      "size" : 44005
    } ],
    "parameters" : [ ],
    "stepsCount" : 0,
    "hasContent" : true,
    "attachmentsCount" : 2,
    "shouldDisplayMessage" : true
  },
  "afterStages" : [ ],
  "labels" : [ {
    "name" : "package",
    "value" : "yelpBusinessesSearch_allNominalIgnoreDependencies"
  }, {
    "name" : "testClass",
    "value" : "yelpBusinessesSearch_allNominalIgnoreDependencies.YelpTest_1jew1cwjmd6bb"
  }, {
    "name" : "testMethod",
    "value" : "test_urejvwq91usx_getBusinesses"
  }, {
    "name" : "suite",
    "value" : "yelpBusinessesSearch_allNominalIgnoreDependencies.YelpTest_1jew1cwjmd6bb"
  }, {
    "name" : "host",
    "value" : "DESKTOP-2NNIJVP"
  }, {
    "name" : "thread",
    "value" : "27824@DESKTOP-2NNIJVP.main(1)"
  }, {
    "name" : "framework",
    "value" : "junit4"
  }, {
    "name" : "language",
    "value" : "java"
  }, {
    "name" : "resultFormat",
    "value" : "allure2"
  } ],
  "parameters" : [ ],
  "links" : [ ],
  "hidden" : false,
  "retry" : false,
  "extra" : {
    "severity" : "normal",
    "retries" : [ ],
    "categories" : [ {
      "name" : "Validation failures",
      "traceRegex" : ".*Validation failed.*",
      "matchedStatuses" : [ "failed" ],
      "flaky" : false
    }, {
      "name" : "Failures",
      "matchedStatuses" : [ "failed" ],
      "flaky" : false
    } ],
    "tags" : [ ]
  },
  "source" : "e73549c7db9c0377.json",
  "parameterValues" : [ ]
}